<?xml version="1.0" encoding="UTF-8"?>
<!-- Generated by org.testng.reporters.JUnitReportReporter -->
<testsuite hostname="DESKTOP-6TCTHJ3" failures="0" tests="4" name="tests.CrudExamples" time="3.222" errors="0" timestamp="2024-07-15T20:25:40 EEST" skipped="0">
  <testcase classname="tests.CrudExamples" name="createToDo" time="2.055"/>
  <system-out/>
  <testcase classname="tests.CrudExamples" name="getToDo" time="0.381"/>
  <system-out/>
  <testcase classname="tests.CrudExamples" name="UpdateToDo" time="0.383"/>
  <system-out/>
  <testcase classname="tests.CrudExamples" name="DeleteToDo" time="0.403"/>
  <system-out/>
</testsuite> <!-- tests.CrudExamples -->
