<?xml version="1.0" encoding="UTF-8"?>
<!-- Generated by org.testng.reporters.JUnitReportReporter -->
<testsuite hostname="DESKTOP-6TCTHJ3" failures="0" tests="1" name="tests.RestAssuredAuthExample" time="2.267" errors="0" timestamp="2024-07-29T21:09:49 EEST" skipped="0">
  <testcase classname="tests.RestAssuredAuthExample" name="bearerAuth" time="2.267"/>
  <system-out/>
</testsuite> <!-- tests.RestAssuredAuthExample -->
