<?xml version="1.0" encoding="UTF-8"?>
<!-- Generated by org.testng.reporters.JUnitReportReporter -->
<testsuite hostname="DESKTOP-6TCTHJ3" failures="0" tests="1" name="tests.FakeRestAzure" time="1.879" errors="0" timestamp="2024-07-28T12:01:13 EEST" skipped="0">
  <testcase classname="tests.FakeRestAzure" name="checkBooks" time="1.879"/>
  <system-out/>
</testsuite> <!-- tests.FakeRestAzure -->
