<?xml version="1.0" encoding="UTF-8"?>
<!-- Generated by org.testng.reporters.JUnitReportReporter -->
<testsuite hostname="DESKTOP-6TCTHJ3" failures="0" tests="1" name="tests.RestExample" time="2.574" errors="0" timestamp="2024-07-10T21:23:12 EEST" skipped="0">
  <testcase classname="tests.RestExample" name="restExampleTest" time="2.574"/>
  <system-out/>
</testsuite> <!-- tests.RestExample -->
