<?xml version="1.0" encoding="UTF-8"?>
<!-- Generated by org.testng.reporters.JUnitReportReporter -->
<testsuite hostname="DESKTOP-6TCTHJ3" failures="0" tests="4" name="tests.BaseComponentExample" time="3.532" errors="0" timestamp="2024-07-22T09:20:10 EEST" skipped="0">
  <testcase classname="tests.BaseComponentExample" name="createNewUser" time="1.884"/>
  <system-out/>
  <testcase classname="tests.BaseComponentExample" name="readUser" time="0.479"/>
  <system-out/>
  <testcase classname="tests.BaseComponentExample" name="updateUser" time="0.615"/>
  <system-out/>
  <testcase classname="tests.BaseComponentExample" name="deleteUser" time="0.554"/>
  <system-out/>
</testsuite> <!-- tests.BaseComponentExample -->
