<?xml version="1.0" encoding="UTF-8"?>
<!-- Generated by org.testng.reporters.JUnitReportReporter -->
<testsuite hostname="DESKTOP-6TCTHJ3" failures="0" tests="1" name="tests.FakeRestApi" time="1.682" errors="0" timestamp="2024-07-17T16:59:37 EEST" skipped="0">
  <testcase classname="tests.FakeRestApi" name="restExampleTest" time="1.682"/>
  <system-out/>
</testsuite> <!-- tests.FakeRestApi -->
