<?xml version="1.0" encoding="UTF-8"?>
<!-- Generated by org.testng.reporters.JUnitReportReporter -->
<testsuite hostname="DESKTOP-6TCTHJ3" failures="0" tests="1" name="tests.SentFromFile" time="2.317" errors="0" timestamp="2024-07-22T21:04:10 EEST" skipped="0">
  <testcase classname="tests.SentFromFile" name="testJsonfile" time="2.317"/>
  <system-out/>
</testsuite> <!-- tests.SentFromFile -->
