<?xml version="1.0" encoding="UTF-8"?>
<!-- Generated by org.testng.reporters.JUnitReportReporter -->
<testsuite hostname="DESKTOP-6TCTHJ3" failures="0" tests="4" name="tests.CrudExamples" time="3.338" errors="0" timestamp="2024-07-17T18:35:27 EEST" skipped="0">
  <testcase classname="tests.CrudExamples" name="createToDo" time="2.043"/>
  <system-out/>
  <testcase classname="tests.CrudExamples" name="getToDo" time="0.462"/>
  <system-out/>
  <testcase classname="tests.CrudExamples" name="UpdateToDo" time="0.429"/>
  <system-out/>
  <testcase classname="tests.CrudExamples" name="deleteToDo" time="0.404"/>
  <system-out/>
</testsuite> <!-- tests.CrudExamples -->
