<?xml version="1.0" encoding="UTF-8"?>
<!-- Generated by org.testng.reporters.JUnitReportReporter -->
<testsuite hostname="DESKTOP-6TCTHJ3" failures="0" tests="1" name="tests.SwapiPeople" time="1.720" errors="0" timestamp="2024-07-28T09:50:19 EEST" skipped="0">
  <testcase classname="tests.SwapiPeople" name="getPeople" time="1.720"/>
  <system-out/>
</testsuite> <!-- tests.SwapiPeople -->
