<?xml version="1.0" encoding="UTF-8"?>
<!-- Generated by org.testng.reporters.JUnitReportReporter -->
<testsuite hostname="DESKTOP-6TCTHJ3" failures="0" tests="4" name="tests.CrudExamples" time="5.150" errors="0" timestamp="2024-07-17T11:14:41 EEST" skipped="0">
  <testcase classname="tests.CrudExamples" name="createToDo" time="2.994"/>
  <system-out/>
  <testcase classname="tests.CrudExamples" name="getToDo" time="0.652"/>
  <system-out/>
  <testcase classname="tests.CrudExamples" name="UpdateToDo" time="0.561"/>
  <system-out/>
  <testcase classname="tests.CrudExamples" name="DeleteToDo" time="0.943"/>
  <system-out/>
</testsuite> <!-- tests.CrudExamples -->
