<?xml version="1.0" encoding="UTF-8"?>
<!-- Generated by org.testng.reporters.JUnitReportReporter -->
<testsuite hostname="DESKTOP-6TCTHJ3" failures="0" tests="1" name="tests.ParseJson" time="0.869" errors="0" timestamp="2024-07-22T21:29:09 EEST" skipped="0">
  <testcase classname="tests.ParseJson" name="parseJson" time="0.869"/>
  <system-out/>
</testsuite> <!-- tests.ParseJson -->
