<?xml version="1.0" encoding="UTF-8"?>
<!-- Generated by org.testng.reporters.JUnitReportReporter -->
<testsuite hostname="DESKTOP-6TCTHJ3" failures="0" tests="1" name="tests.RestAssuredAuthExample" time="9.347" errors="0" timestamp="2024-07-31T20:00:02 EEST" skipped="0">
  <testcase classname="tests.RestAssuredAuthExample" name="bearerAuth" time="9.347"/>
  <system-out/>
</testsuite> <!-- tests.RestAssuredAuthExample -->
