<?xml version="1.0" encoding="UTF-8"?>
<!-- Generated by org.testng.reporters.JUnitReportReporter -->
<testsuite hostname="DESKTOP-6TCTHJ3" failures="0" tests="1" name="tests.BaseComponentExample" time="2.235" errors="0" timestamp="2024-07-15T21:34:36 EEST" skipped="0">
  <testcase classname="tests.BaseComponentExample" name="createNewUser" time="2.235"/>
  <system-out/>
</testsuite> <!-- tests.BaseComponentExample -->
