<?xml version="1.0" encoding="UTF-8"?>
<!-- Generated by org.testng.reporters.JUnitReportReporter -->
<testsuite hostname="DESKTOP-6TCTHJ3" failures="0" tests="1" name="tests.FakeRestApi" time="1.520" errors="0" timestamp="2024-07-14T08:25:33 EEST" skipped="0">
  <testcase classname="tests.FakeRestApi" name="restExampleTest" time="1.520"/>
  <system-out/>
</testsuite> <!-- tests.FakeRestApi -->
