<?xml version="1.0" encoding="UTF-8"?>
<!-- Generated by org.testng.reporters.JUnitReportReporter -->
<testsuite hostname="DESKTOP-6TCTHJ3" failures="0" tests="1" name="tests.SentFromFile" time="4.588" errors="0" timestamp="2024-08-04T14:46:36 EEST" skipped="0">
  <testcase classname="tests.SentFromFile" name="testJsonfile" time="4.588"/>
  <system-out/>
</testsuite> <!-- tests.SentFromFile -->
