<?xml version="1.0" encoding="UTF-8"?>
<!-- Generated by org.testng.reporters.JUnitReportReporter -->
<testsuite hostname="DESKTOP-6TCTHJ3" failures="0" tests="4" name="tests.InstantWebTools" time="3.858" errors="0" timestamp="2024-07-17T19:12:58 EEST" skipped="0">
  <testcase classname="tests.InstantWebTools" name="createAirline" time="2.396"/>
  <system-out/>
  <testcase classname="tests.InstantWebTools" name="createPassenger" time="0.553"/>
  <system-out/>
  <testcase classname="tests.InstantWebTools" name="getPassenger" time="0.459"/>
  <system-out/>
  <testcase classname="tests.InstantWebTools" name="deletePassenger" time="0.450"/>
  <system-out/>
</testsuite> <!-- tests.InstantWebTools -->
