<?xml version="1.0" encoding="UTF-8"?>
<!-- Generated by org.testng.reporters.JUnitReportReporter -->
<testsuite hostname="DESKTOP-6TCTHJ3" failures="0" tests="1" name="tests.JsonPathExample" time="2.101" errors="0" timestamp="2024-07-28T11:47:36 EEST" skipped="0">
  <testcase classname="tests.JsonPathExample" name="testJsonPath" time="2.101"/>
  <system-out/>
</testsuite> <!-- tests.JsonPathExample -->
