<?xml version="1.0" encoding="UTF-8"?>
<!-- Generated by org.testng.reporters.JUnitReportReporter -->
<testsuite hostname="DESKTOP-6TCTHJ3" failures="0" tests="1" name="tests.SwapiStarShips3" time="1.712" errors="0" timestamp="2024-07-28T10:31:56 EEST" skipped="0">
  <testcase classname="tests.SwapiStarShips3" name="getStarShip3" time="1.712"/>
  <system-out/>
</testsuite> <!-- tests.SwapiStarShips3 -->
