<?xml version="1.0" encoding="UTF-8"?>
<!-- Generated by org.testng.reporters.JUnitReportReporter -->
<testsuite hostname="DESKTOP-6TCTHJ3" failures="0" tests="1" name="tests.People" time="0.836" errors="0" timestamp="2024-07-28T12:44:27 EEST" skipped="0">
  <testcase classname="tests.People" name="peopleDetails" time="0.836"/>
  <system-out/>
</testsuite> <!-- tests.People -->
